<?xml version="1.0" encoding="UTF-8"?>
<!-- Generated by org.testng.reporters.JUnitXMLReporter -->
<testsuite ignored="2" hostname="VinuthaLalith" failures="0" tests="2" name="Test" time="110.403" errors="0" timestamp="2023-06-07T11:45:27 GMT-04:00">
  <testcase classname="vtiger.OrganisationTests.CreateOrganisationTests" name="createOrgTest" time="33.794"/>
  <testcase classname="vtiger.ContactsTests.CreateContactWithOrganisationTest" name="createContWithOrgTest" time="32.753"/>
  <testcase classname="genericUtilities.BaseClass" name="@BeforeSuite bsConfig" time="0.0">
    <ignored/>
  </testcase> <!-- @BeforeSuite bsConfig -->
  <testcase classname="genericUtilities.BaseClass" name="@AfterSuite asConfig" time="0.0">
    <ignored/>
  </testcase> <!-- @AfterSuite asConfig -->
</testsuite> <!-- Test -->
